TN:
SF:script/Auction.s.sol
DA:7,0
FN:7,AuctionScript.setUp
FNDA:0,AuctionScript.setUp
DA:9,0
FN:9,AuctionScript.run
FNDA:0,AuctionScript.run
DA:10,0
DA:12,0
FNF:2
FNH:0
LF:4
LH:0
BRF:0
BRH:0
end_of_record
TN:
SF:src/AuctionV1.sol
DA:33,10
FN:33,AuctionContractV1.constructor
FNDA:10,AuctionContractV1.constructor
DA:34,0
DA:38,5
FN:38,AuctionContractV1.initialize
FNDA:5,AuctionContractV1.initialize
DA:40,5
DA:42,5
DA:43,5
DA:44,5
DA:48,1
FN:48,AuctionContractV1._authorizeUpgrade
FNDA:1,AuctionContractV1._authorizeUpgrade
DA:55,8
FN:55,AuctionContractV1.needTokenOwner
FNDA:8,AuctionContractV1.needTokenOwner
DA:56,8
DA:59,8
FN:59,AuctionContractV1.needTokenOwner_
FNDA:8,AuctionContractV1.needTokenOwner_
DA:63,8
DA:64,7
BRDA:64,0,0,-
BRDA:64,0,1,-
DA:67,5
FN:67,AuctionContractV1.needAuctionOwner
FNDA:5,AuctionContractV1.needAuctionOwner
DA:68,5
DA:71,7
FN:71,AuctionContractV1.needAuctionOwner_
FNDA:7,AuctionContractV1.needAuctionOwner_
DA:72,7
BRDA:72,1,0,-
BRDA:72,1,1,-
DA:73,7
DA:74,7
BRDA:74,2,0,-
BRDA:74,2,1,-
DA:78,3
FN:78,AuctionContractV1.queryDesc
FNDA:3,AuctionContractV1.queryDesc
DA:83,3
DA:87,6
FN:87,AuctionContractV1.queryAuction
FNDA:6,AuctionContractV1.queryAuction
DA:90,6
DA:94,6
FN:94,AuctionContractV1.createAuction
FNDA:6,AuctionContractV1.createAuction
DA:101,3
DA:103,6
BRDA:103,3,0,-
BRDA:103,3,1,-
DA:104,6
BRDA:104,4,0,-
BRDA:104,4,1,-
DA:105,5
BRDA:105,5,0,-
BRDA:105,5,1,-
DA:108,4
DA:109,4
DA:110,4
BRDA:110,6,0,-
BRDA:110,6,1,-
DA:113,3
DA:115,3
DA:117,3
BRDA:117,7,0,-
BRDA:117,7,1,-
DA:120,3
DA:121,3
DA:123,3
DA:126,4
DA:129,3
DA:130,3
DA:131,3
DA:132,3
DA:133,3
DA:134,3
DA:135,3
DA:136,3
DA:137,3
DA:140,3
DA:143,3
DA:152,0
DA:156,6
FN:156,AuctionContractV1.bidAuction
FNDA:6,AuctionContractV1.bidAuction
DA:159,6
DA:160,6
BRDA:160,8,0,-
BRDA:160,8,1,-
DA:161,6
DA:162,6
BRDA:162,9,0,-
BRDA:162,9,1,-
DA:164,6
BRDA:164,10,0,-
BRDA:164,10,1,-
DA:165,5
BRDA:165,11,0,-
BRDA:165,11,1,-
DA:166,5
BRDA:166,12,0,-
BRDA:166,12,1,-
DA:171,5
BRDA:171,13,0,-
BRDA:171,13,1,-
DA:173,4
BRDA:173,14,0,-
BRDA:173,14,1,-
DA:177,2
BRDA:177,15,0,-
BRDA:177,15,1,-
DA:183,2
DA:184,2
DA:185,2
DA:188,2
DA:189,2
DA:192,6
DA:193,2
DA:194,2
DA:197,2
BRDA:197,16,0,1
DA:199,1
DA:200,1
BRDA:200,17,0,-
BRDA:200,17,1,-
DA:203,1
DA:207,6
DA:208,0
DA:212,4
FN:212,AuctionContractV1.cancelAuction
FNDA:4,AuctionContractV1.cancelAuction
DA:215,4
DA:217,4
BRDA:217,18,0,-
BRDA:217,18,1,-
DA:219,2
BRDA:219,19,0,-
BRDA:219,19,1,-
DA:225,2
DA:227,1
DA:228,1
DA:229,1
DA:235,1
DA:238,1
DA:242,2
FN:242,AuctionContractV1.endAuction
FNDA:2,AuctionContractV1.endAuction
DA:243,2
DA:245,2
BRDA:245,20,0,-
BRDA:245,20,1,-
DA:246,1
BRDA:246,21,0,-
BRDA:246,21,1,-
DA:251,1
DA:252,1
DA:253,1
DA:254,1
DA:255,1
DA:256,1
DA:262,1
BRDA:262,22,0,1
BRDA:262,22,1,-
DA:264,1
DA:267,1
DA:268,1
BRDA:268,23,0,-
BRDA:268,23,1,-
DA:271,1
DA:274,0
DA:277,0
DA:281,1
FNF:13
FNH:13
LF:103
LH:98
BRF:47
BRH:2
end_of_record
TN:
SF:src/AuctionV2.sol
DA:12,2
FN:12,AuctionContractV2.addCounter
FNDA:2,AuctionContractV2.addCounter
DA:13,2
DA:14,2
DA:18,1
FN:18,AuctionContractV2.upgradeV2
FNDA:1,AuctionContractV2.upgradeV2
DA:19,1
DA:20,1
FNF:2
FNH:2
LF:6
LH:6
BRF:0
BRH:0
end_of_record
TN:
SF:src/NftOnly.sol
DA:15,10
FN:15,MySimpleNFT.mintToken
FNDA:10,MySimpleNFT.mintToken
DA:18,10
DA:19,10
DA:22,10
DA:24,10
DA:26,0
FNF:1
FNH:1
LF:6
LH:5
BRF:0
BRH:0
end_of_record
